[08:04:2026]-[16:06:58]_secret_RUNNING
[08:04:2026]-[16:06:58]_secret_SUCCESS
[08:04:2026]-[16:06:58]_surprise_RUNNING
[08:04:2026]-[16:06:58]_surprise_SUCCESS
[08:04:2026]-[16:07:08]_secret_RUNNING
[08:04:2026]-[16:07:08]_secret_SUCCESS
[08:04:2026]-[16:07:08]_surprise_RUNNING
[08:04:2026]-[16:07:08]_surprise_SUCCESS
[08:04:2026]-[16:07:18]_secret_RUNNING
[08:04:2026]-[16:07:18]_secret_SUCCESS
[08:04:2026]-[16:07:18]_surprise_RUNNING
[08:04:2026]-[16:07:18]_surprise_SUCCESS
[08:04:2026]-[16:07:28]_secret_RUNNING
[08:04:2026]-[16:07:28]_secret_SUCCESS
[08:04:2026]-[16:07:28]_surprise_RUNNING
[08:04:2026]-[16:07:28]_surprise_SUCCESS
[08:04:2026]-[16:07:36]_decrypt_RUNNING
[08:04:2026]-[16:07:36]_decrypt_SUCCESS
[08:04:2026]-[16:07:38]_secret_RUNNING
[08:04:2026]-[16:07:38]_secret_SUCCESS
[08:04:2026]-[16:07:38]_surprise_RUNNING
[08:04:2026]-[16:07:38]_surprise_SUCCESS
[08:04:2026]-[16:07:48]_secret_RUNNING
[08:04:2026]-[16:07:48]_secret_SUCCESS
[08:04:2026]-[16:07:48]_surprise_RUNNING
[08:04:2026]-[16:07:48]_surprise_SUCCESS
[08:04:2026]-[16:07:49]_decrypt_RUNNING
[08:04:2026]-[16:07:49]_decrypt_SUCCESS
[08:04:2026]-[16:07:58]_secret_RUNNING
[08:04:2026]-[16:07:58]_secret_SUCCESS
[08:04:2026]-[16:07:58]_surprise_RUNNING
[08:04:2026]-[16:07:58]_surprise_SUCCESS
[08:04:2026]-[16:08:08]_secret_RUNNING
[08:04:2026]-[16:08:08]_secret_SUCCESS
[08:04:2026]-[16:08:08]_surprise_RUNNING
[08:04:2026]-[16:08:08]_surprise_SUCCESS
[08:04:2026]-[16:08:18]_secret_RUNNING
[08:04:2026]-[16:08:18]_secret_SUCCESS
[08:04:2026]-[16:08:18]_surprise_RUNNING
[08:04:2026]-[16:08:18]_surprise_SUCCESS
[08:04:2026]-[16:08:27]_kill_RUNNING
[08:04:2026]-[16:08:27]_kill_SUCCESS
